{"level":"INFO","time":"2023-12-24T17:10:50.384+0800","caller":"user/user.go:19","msg":"api login log ....."}
{"level":"INFO","time":"2023-12-24T17:22:34.589+0800","caller":"user/user.go:20","msg":"api login log ....."}
{"level":"INFO","time":"2023-12-24T17:22:48.629+0800","caller":"user/user.go:20","msg":"api login log ....."}
{"level":"INFO","time":"2023-12-24T20:58:28.345+0800","caller":"middleware/action.go:72","msg":"[url=/login?username=123&password=123 errno=200 status=200 userId= input={\"password\":\"123\",\"username\":\"123\"} output={\"code\":200,\"msg\":\"success\",\"data\":{\"token\":\"this is token\"}} cost=2.074769ms]"}
{"level":"INFO","time":"2023-12-24T21:01:34.298+0800","caller":"middleware/action.go:78","msg":"[requestId=bba55351-d7af-4888-a005-dcddb52a421d url=/login?username=123&password=123 errno=200 status=200 userId= input={\"password\":\"123\",\"username\":\"123\"} output={\"code\":200,\"msg\":\"success\",\"data\":{\"token\":\"this is token\"}} cost=3.432633ms]"}
{"level":"INFO","time":"2023-12-24T21:06:39.110+0800","caller":"middleware/action.go:80","msg":"","requestId":"3349e8ee-78e0-43de-95f3-ce3f75708edb","url":"/login?username=123&password=123","errno":200,"status":"200","userId":"","input":"{\"password\":\"123\",\"username\":\"123\"}","output":"{\"code\":200,\"msg\":\"success\",\"data\":{\"token\":\"this is token\"}}","cost":"1.433479ms"}
{"level":"INFO","time":"2023-12-24T21:09:24.523+0800","caller":"middleware/action.go:81","msg":"","requestId":"e28c1841-5eba-4b23-8c99-6563539a3370","url":"/login?username=123&password=123","errno":200,"status":"200","userId":"","input":{"password":"123","username":"123"},"output":"{\"code\":200,\"msg\":\"success\",\"data\":{\"token\":\"this is token\"}}","cost":"2.189919ms"}
{"level":"INFO","time":"2023-12-24T21:10:56.719+0800","caller":"middleware/action.go:63","msg":"","requestId":"053e8262-eb0b-4b63-810a-e7cd294a0306","url":"/login?username=123&password=123","errno":200,"status":"200","userId":"","input":{"password":"123","username":"123"},"output":{"token":"this is token"},"cost":"1.391806ms"}
{"level":"INFO","time":"2023-12-24 21:14:46","caller":"middleware/action.go:63","msg":"","requestId":"96298c0d-8784-4840-ae53-286973489f7e","url":"/login?username=123&password=123","errno":200,"status":"200","userId":"","input":{"password":"123","username":"123"},"output":{"token":"this is token"},"cost":"1.500074ms"}
{"level":"INFO","time":"2023-12-24 21:18:56","caller":"middleware/action.go:63","msg":"StdLog","requestId":"9ac907b6-ca42-4956-9a76-f6af663a1edf","url":"/login?username=123&password=123","errno":200,"status":"200","userId":"","input":{"password":"123","username":"123"},"output":{"token":"this is token"},"cost":"17.256652ms"}
{"level":"INFO","time":"2023-12-24 21:30:08","caller":"middleware/action.go:63","msg":"StdLog","requestId":"d29dcc77-9760-49a4-b209-7cc2c3b77f74","url":"/login?username=123&password=123","errno":200,"status":"200","userId":"","input":{"password":"123","username":"123"},"output":{"token":"this is token"},"cost":"20.804111ms"}
{"level":"INFO","time":"2023-12-24 21:31:34","caller":"middleware/action.go:63","msg":"StdLog","requestId":"43fc2fa3-66b8-4f84-abff-f01536c78ba6","url":"/login?username=123&password=123","errno":200,"status":"200","userId":"","input":{"password":"123","username":"123"},"output":{"token":"this is token"},"cost":"22.509215ms"}
{"level":"INFO","time":"2023-12-24 21:37:50","caller":"middleware/action.go:63","msg":"StdLog","requestId":"217967e2-6b33-4fbb-9897-2687761a2197","url":"/login?username=123&password=123","errno":200,"status":"200","userId":"","input":{"password":"123","username":"123"},"output":{"token":"this is token"},"cost":"21.231776ms"}
{"level":"INFO","time":"2023-12-24 21:39:47","caller":"middleware/action.go:63","msg":"StdLog","requestId":"bacc934b-345e-4f2f-99f2-d65dabfe1ac6","url":"/login?username=123&password=123","errno":200,"status":"200","userId":"","input":{"password":"123","username":"123"},"output":{"token":"this is token"},"cost":"24.906922ms"}
{"level":"INFO","time":"2023-12-24 21:41:15","caller":"middleware/action.go:63","msg":"StdLog","requestId":"6bb12a9d-5bab-4183-81f9-ea253b65da1e","url":"/login?username=123&password=123","errno":200,"status":"200","userId":"","input":{"password":"123","username":"123"},"output":{"token":"this is token"},"cost":"33.321236ms"}
{"level":"INFO","time":"2023-12-24 21:44:54","caller":"middleware/action.go:63","msg":"StdLog","requestId":"023d1b3e-be57-44ac-ba0a-ecc920a51881","url":"/login?username=123&password=123","errno":200,"status":"200","userId":"","input":{"password":"123","username":"123"},"output":{"token":"this is token"},"cost":"4.507821ms"}
{"level":"INFO","time":"2023-12-24 21:48:09","caller":"middleware/action.go:63","msg":"StdLog","requestId":"5f0ad777-9c49-4ace-bc39-c3a6a59bb118","url":"/login?username=123&password=123","errno":200,"status":"200","userId":"","input":{"password":"123","username":"123"},"output":{"token":"this is token"},"cost":38}
{"level":"INFO","time":"2023-12-24 21:49:02","caller":"middleware/action.go:63","msg":"StdLog","requestId":"c0b8792f-bdfa-4a4e-990e-cf6e090e19f1","url":"/login?username=123&password=123","errno":200,"status":"200","userId":"","input":{"password":"123","username":"123"},"output":{"token":"this is token"},"cost":"19.010777ms"}
{"level":"INFO","time":"2023-12-24 21:49:03","caller":"middleware/action.go:63","msg":"StdLog","requestId":"54005fc2-0d2c-4bd5-aafb-afb8dfcd6a50","url":"/login?username=123&password=123","errno":200,"status":"200","userId":"","input":{"password":"123","username":"123"},"output":{"token":"this is token"},"cost":"16.505734ms"}
{"level":"INFO","time":"2023-12-24 21:55:34","caller":"middleware/action.go:66","msg":"StdLog","requestId":"3ad92751-3bbb-4da1-be54-253e70179c07","url":"/login?username=123","errno":2001,"status":"200","userId":"","input":{"username":"123"},"output":{},"cost":"2.091068ms"}
{"level":"INFO","time":"2023-12-24 22:01:48","caller":"middleware/action.go:66","msg":"StdLog","requestId":"6b385616-acab-476d-ace2-c90b8c90aeb6","url":"/login?username=123","errno":2001,"status":"200","userId":"","input":{"username":"123"},"output":{},"cost":"19.763217ms"}
{"level":"ERROR","time":"2023-12-24 22:02:24","caller":"middleware/error.go:17","msg":"Panic recovered in middleware","panic":"interface conversion: interface {} is nil, not map[string]interface {}"}
{"level":"ERROR","time":"2023-12-24 22:05:35","caller":"middleware/error.go:17","msg":"Panic recovered in middleware","panic":"interface conversion: interface {} is nil, not map[string]interface {}"}
{"level":"ERROR","time":"2023-12-24 22:06:44","caller":"middleware/error.go:17","msg":"Panic recovered in middleware","panic":"interface conversion: interface {} is nil, not map[string]interface {}"}
{"level":"ERROR","time":"2023-12-24 22:08:03","caller":"middleware/error.go:17","msg":"Panic recovered in middleware","panic":"interface conversion: interface {} is nil, not map[string]interface {}"}
{"level":"ERROR","time":"2023-12-24 22:10:23","caller":"middleware/error.go:17","msg":"Panic recovered in middleware","panic":"interface conversion: interface {} is nil, not map[string]interface {}"}
{"level":"INFO","time":"2023-12-24 22:12:14","caller":"middleware/action.go:66","msg":"StdLog","requestId":"877df829-0858-44fe-9460-8d73fe6dd69e","url":"/login?username=123","errno":2001,"status":"200","userId":"","input":{"username":"123"},"output":{},"cost":"21.422506ms"}
{"level":"INFO","time":"2023-12-24 22:12:15","caller":"middleware/action.go:66","msg":"StdLog","requestId":"7b3f974e-d54a-4231-b1f1-03de1dec7348","url":"/login?username=123","errno":2001,"status":"200","userId":"","input":{"username":"123"},"output":{},"cost":"15.317933ms"}
{"level":"ERROR","time":"2023-12-24 22:13:08","caller":"middleware/error.go:17","msg":"Panic recovered in middleware","panic":"interface conversion: interface {} is nil, not map[string]interface {}"}
{"level":"ERROR","time":"2023-12-24 22:13:10","caller":"middleware/error.go:17","msg":"Panic recovered in middleware","panic":"interface conversion: interface {} is nil, not map[string]interface {}"}
{"level":"ERROR","time":"2023-12-24 22:16:48","caller":"middleware/error.go:17","msg":"Recovered","panic":"runtime error: integer divide by zero"}
{"level":"ERROR","time":"2023-12-24 22:16:50","caller":"middleware/error.go:17","msg":"Recovered","panic":"runtime error: integer divide by zero"}
{"level":"ERROR","time":"2023-12-24 22:16:58","caller":"middleware/error.go:17","msg":"Recovered","panic":"runtime error: integer divide by zero"}
{"level":"ERROR","time":"2023-12-24 22:20:32","caller":"middleware/error.go:17","msg":"Recovered","panic":"runtime error: integer divide by zero"}
{"level":"ERROR","time":"2023-12-24 22:21:28","caller":"middleware/error.go:21","msg":"Recovered","panic":"runtime error: integer divide by zero"}
{"level":"ERROR","time":"2023-12-24 22:22:50","caller":"middleware/error.go:16","msg":"Recovered","panic":"runtime error: integer divide by zero"}
{"level":"ERROR","time":"2023-12-24 22:26:50","caller":"middleware/error.go:17","msg":"Recovered","panic":"runtime error: integer divide by zero"}
{"level":"INFO","time":"2023-12-24 22:52:36","caller":"middleware/action.go:66","msg":"StdLog","requestId":"90dbfd67-6b33-434a-9772-742cf1ff8ff5","url":"/getUser?username=123","errno":2001,"status":"200","userId":"","input":{"username":"123"},"output":{},"cost":"14.561142ms"}
{"level":"INFO","time":"2023-12-24 22:52:53","caller":"middleware/action.go:66","msg":"StdLog","requestId":"7d4951da-12d4-4834-afe0-b08110427516","url":"/getUser?userId=1","errno":200,"status":"200","userId":"","input":{"userId":"1"},"output":{"userId":1,"userName":"123"},"cost":"17.07025ms"}
{"level":"INFO","time":"2023-12-24 22:52:58","caller":"middleware/action.go:66","msg":"StdLog","requestId":"e9f5525c-b6c3-4021-9567-d9c3d496b907","url":"/getUser?userId=2","errno":200,"status":"200","userId":"","input":{"userId":"2"},"output":{"userId":2},"cost":"17.195742ms"}
{"level":"INFO","time":"2023-12-24 22:57:29","caller":"middleware/action.go:66","msg":"StdLog","requestId":"f4c97bc7-cafb-45da-aaeb-24ee76bb08c3","url":"/getUser?userId=2","errno":200,"status":"200","userId":"","input":{"userId":"2"},"output":{},"cost":"25.163018ms"}
{"level":"INFO","time":"2023-12-24 22:57:29","caller":"middleware/action.go:66","msg":"StdLog","requestId":"2c5fb892-9a6c-427a-971c-94905c86da23","url":"/getUser?userId=2","errno":200,"status":"200","userId":"","input":{"userId":"2"},"output":{},"cost":"15.759084ms"}
{"level":"INFO","time":"2023-12-24 22:57:31","caller":"middleware/action.go:66","msg":"StdLog","requestId":"10058df1-8be9-4a30-96a2-8aa093631cd2","url":"/getUser?userId=1","errno":200,"status":"200","userId":"","input":{"userId":"1"},"output":{"userId":1,"userName":"123"},"cost":"14.274177ms"}
{"level":"INFO","time":"2023-12-24 23:08:59","caller":"middleware/action.go:66","msg":"StdLog","requestId":"f0ac381b-a186-4274-be05-65d3ba91271c","url":"/getUser?userId=1","errno":200,"status":"200","userId":"","input":{"userId":"1"},"output":{"userId":1,"userName":"123"},"cost":"24.150226ms"}
{"level":"INFO","time":"2023-12-24 23:09:52","caller":"middleware/action.go:66","msg":"StdLog","requestId":"5f0343cc-25d4-480d-b1b8-bedbb3fb20f2","url":"/getUser?userId=1","errno":200,"status":"200","userId":"","input":{"userId":"1"},"output":{"userId":1,"userName":"123"},"cost":"19.209239ms"}
{"level":"INFO","time":"2023-12-24 23:14:17","caller":"middleware/action.go:66","msg":"StdLog","requestId":"45c5085a-36dc-4e29-9c21-679c68fa22b7","url":"/getUser?userId=1","errno":200,"status":"200","userId":"","input":{"userId":"1"},"output":{"userId":1,"userName":"123"},"cost":"18.425787ms"}
{"level":"INFO","time":"2023-12-24 23:16:19","caller":"middleware/action.go:66","msg":"StdLog","requestId":"5f53adfb-0c3b-4bd9-9bfd-86e9777f78bf","url":"/getUser?userId=1","errno":200,"status":"200","userId":"","input":{"userId":"1"},"output":{"userId":1,"userName":"123"},"cost":"16.603816ms"}
{"level":"INFO","time":"2023-12-24 23:17:59","caller":"middleware/action.go:66","msg":"StdLog","requestId":"00876fb8-36c3-47bc-8e42-92d223a4dd60","url":"/getUser?userId=1","errno":200,"status":"200","userId":"","input":{"userId":"1"},"output":{"userId":1,"userName":"123"},"cost":"15.622694ms"}
{"level":"INFO","time":"2023-12-24 23:18:09","caller":"middleware/action.go:66","msg":"StdLog","requestId":"60b21b0c-c591-4667-af7a-a8f405bce3f9","url":"/getUser?userId=1","errno":200,"status":"200","userId":"","input":{"userId":"1"},"output":{"userId":1,"userName":"123"},"cost":"16.692944ms"}
{"level":"INFO","time":"2023-12-24 23:21:59","caller":"middleware/action.go:66","msg":"StdLog","requestId":"dd27ce2a-36a2-490c-b2c2-f69ecdc8ad04","url":"/getUser?userId=1","errno":200,"status":"200","userId":"","input":{"userId":"1"},"output":{"userId":1,"userName":"123"},"cost":"13.294605ms"}
{"level":"INFO","time":"2023-12-24 23:41:31","caller":"middleware/action.go:66","msg":"StdLog","requestId":"5e96f097-9216-4039-9e11-cd1989b36d4a","url":"/login?username=123&password=123","errno":200,"status":"200","userId":"","input":{"password":"123","username":"123"},"output":{"token":"eyJhbGciOiJIUzI1NiIsInR5cCI6IkpXVCJ9.eyJleHAiOjE3MDM0NzU2OTEsImp0aSI6IjEyMzQiLCJpc3MiOiJhcHAiLCJuYmYiOjE3MDM0MzE0OTF9.7OxcB491WXiokQZo1IImGanAoS3PmjYVsddq-F6GVPI"},"cost":"15.294353ms"}
{"level":"INFO","time":"2023-12-24 23:43:48","caller":"middleware/action.go:66","msg":"StdLog","requestId":"c86ea2c2-8d6d-416d-b6be-a3c435237c13","url":"/login?username=123&password=123","errno":200,"status":"200","userId":"","input":{"password":"123","username":"123"},"output":{"token":"eyJhbGciOiJIUzI1NiIsInR5cCI6IkpXVCJ9.eyJleHAiOjE3MDM0NzU4MjgsImp0aSI6IjEyMzQiLCJpc3MiOiJhcHAiLCJuYmYiOjE3MDM0MzE2Mjh9.mhUOxR98a1G7uU4Ujrz2IHbfWWgGts0phv7Aw8DHDB0"},"cost":"15.759175ms"}
{"level":"INFO","time":"2023-12-24 23:45:03","caller":"middleware/action.go:66","msg":"StdLog","requestId":"d4b4fdd1-0df2-4100-a2de-7edc097416ad","url":"/login?username=123&password=123","errno":200,"status":"200","userId":"","input":{"password":"123","username":"123"},"output":{"token":"eyJhbGciOiJIUzI1NiIsInR5cCI6IkpXVCJ9.eyJleHAiOjE3MDM0NzU5MDMsImp0aSI6IjEyMzQiLCJpc3MiOiJhcHAiLCJuYmYiOjE3MDM0MzE3MDN9.jivbSwA21fnIkrUjFvi6pzUs9SRUYWZRi9F4bFwzt4E"},"cost":"15.963409ms"}
{"level":"INFO","time":"2023-12-24 23:46:48","caller":"middleware/action.go:66","msg":"StdLog","requestId":"08ae97ae-cd82-43b5-9bb5-fbca80d6ab0e","url":"/login?username=123&password=123","errno":200,"status":"200","userId":"","input":{"password":"123","username":"123"},"output":{"token":"eyJhbGciOiJIUzI1NiIsInR5cCI6IkpXVCJ9.eyJleHAiOjE3MDM0NzYwMDgsImp0aSI6IjEyMzQiLCJpc3MiOiJhcHAiLCJuYmYiOjE3MDM0MzE4MDh9.UO_mXU8DSYuT2sHPFhxhjX_xqT7VreJVe9KVT0LGBDM"},"cost":"17.361375ms"}
{"level":"INFO","time":"2023-12-24 23:49:06","caller":"middleware/action.go:66","msg":"StdLog","requestId":"d0914789-023f-4080-a7d0-f4174cf36eef","url":"/login?username=123&password=123","errno":200,"status":"200","userId":"","input":{"password":"123","username":"123"},"output":{"token":"eyJhbGciOiJIUzI1NiIsInR5cCI6IkpXVCJ9.eyJleHAiOjE3MDM0NzYxNDYsImp0aSI6IjEyMzQiLCJpc3MiOiJhcHAiLCJuYmYiOjE3MDM0MzE5NDZ9.mTUQwt2gAKFXZjyXRcN-lOqWUr8yyKES6kouvjvG-i8"},"cost":"4.009971ms"}
{"level":"INFO","time":"2023-12-24 23:49:26","caller":"middleware/action.go:66","msg":"StdLog","requestId":"6bcd8ddd-2246-4497-b9c5-6f4c7e01f342","url":"/getUser?userId=1","errno":200,"status":"200","userId":"1234","input":{"userId":"1"},"output":{"userId":1,"userName":"123"},"cost":"8.783364ms"}
{"level":"INFO","time":"2023-12-24 23:50:56","caller":"middleware/action.go:69","msg":"StdLog","requestId":"2f4900da-cfd8-41fe-b635-512e89d07cbd","url":"/getUser?userId=1","errno":200,"status":"200","userId":"1234","input":{"userId":"1"},"output":{"userId":1,"userName":"123"},"cost":"20.228384ms"}
{"level":"INFO","time":"2023-12-24 23:52:29","caller":"middleware/action.go:69","msg":"StdLog","requestId":"31ec10b0-ffda-42e9-a8c4-1a9b31c871c1","url":"/getUser?userId=1","errno":200,"status":"200","userId":"1234","input":{"userId":"1"},"output":{"userId":1,"userName":"123"},"cost":"17.548299ms"}
{"level":"INFO","time":"2023-12-24 23:53:49","caller":"middleware/action.go:69","msg":"StdLog","requestId":"f2c98898-da37-42b1-916a-9ec468bdd5c5","url":"/getUser?userId=1","errno":200,"status":"200","userId":"1234","input":{"userId":"1"},"output":{"userId":1,"userName":"123"},"cost":"22.077513ms"}
{"level":"INFO","time":"2023-12-24 23:54:20","caller":"middleware/action.go:69","msg":"StdLog","requestId":"866d58d9-db27-4809-a861-6377c16479ab","url":"/getUser?userId=1","errno":200,"status":"200","userId":"1234","input":{"userId":"1"},"output":{"userId":1,"userName":"123"},"cost":"16.179758ms"}
{"level":"INFO","time":"2023-12-24 23:54:41","caller":"middleware/action.go:69","msg":"StdLog","requestId":"c05f6d54-7d2b-4e18-b787-582e09058a76","url":"/getUser?userId=1","errno":200,"status":"200","userId":"","input":{"userId":"1"},"output":{"userId":1,"userName":"123"},"cost":"16.73645ms"}
{"level":"INFO","time":"2023-12-24 23:55:27","caller":"middleware/action.go:69","msg":"StdLog","requestId":"ff31ec54-c6e4-4da0-9656-94c1f71cdaec","url":"/getUser?userId=1","errno":200,"status":"200","userId":"","input":{"userId":"1"},"output":{"userId":1,"userName":"123"},"cost":"19.789748ms"}
{"level":"INFO","time":"2023-12-24 23:56:09","caller":"middleware/action.go:69","msg":"StdLog","requestId":"050654b8-f3a4-4ca0-ba1f-8fb4198d07a2","url":"/getUser?userId=1","errno":200,"status":"200","userId":"1234","input":{"userId":"1"},"output":{"userId":1,"userName":"123"},"cost":"18.792424ms"}
{"level":"INFO","time":"2023-12-24 23:57:29","caller":"middleware/action.go:69","msg":"StdLog","requestId":"4a00edb0-51ba-48a6-bfa4-ba003aa97616","url":"/login?username=123&password=123","errno":200,"status":"200","userId":"1234","input":{"password":"123","username":"123"},"output":{"token":"eyJhbGciOiJIUzI1NiIsInR5cCI6IkpXVCJ9.eyJleHAiOjE3MDM0NzY2NDksImp0aSI6IjEiLCJpc3MiOiJhcHAiLCJuYmYiOjE3MDM0MzI0NDl9.QOW4WH9PqGWdilim7XFOLAgpSuwkLnZQNuwliTiQO3M"},"cost":"5.857937ms"}
{"level":"INFO","time":"2023-12-24 23:57:32","caller":"middleware/action.go:69","msg":"StdLog","requestId":"eade354c-6c09-4ecd-82b5-6c75a2575a47","url":"/getUser?userId=1","errno":200,"status":"200","userId":"1","input":{"userId":"1"},"output":{"userId":1,"userName":"123"},"cost":"16.143882ms"}
{"level":"INFO","time":"2023-12-25 00:16:30","caller":"middleware/action.go:69","msg":"StdLog","requestId":"9119ffd9-eec9-4a97-ab16-8faa77477766","url":"/login?username=123&password=123","errno":200,"status":"200","userId":"1","input":{"password":"123","username":"123"},"output":{"token":"eyJhbGciOiJIUzI1NiIsInR5cCI6IkpXVCJ9.eyJleHAiOjE3MDM0Nzc3OTAsImp0aSI6IjEiLCJpc3MiOiJhcHAiLCJuYmYiOjE3MDM0MzM1OTB9.Z9MydM-adiK9YXGEBeNPgFuR7-ECsRSuSj9tU7hiLR8"},"cost":"26.264146ms"}
{"level":"INFO","time":"2023-12-25 00:16:39","caller":"middleware/action.go:69","msg":"StdLog","requestId":"949765ea-2ca2-4747-8bd3-743d3f52fca4","url":"/getUser?userId=1","errno":200,"status":"200","userId":"1","input":{"userId":"1"},"output":{"userId":1,"userName":"123"},"cost":"16.713906ms"}
{"level":"INFO","time":"2023-12-25 00:16:41","caller":"middleware/action.go:69","msg":"StdLog","requestId":"db7f8be7-5e3e-4ae5-86c4-b220ed9d4190","url":"/getUser?userId=1","errno":200,"status":"200","userId":"1","input":{"userId":"1"},"output":{"userId":1,"userName":"123"},"cost":"14.709913ms"}
{"level":"INFO","time":"2023-12-25 00:17:04","caller":"middleware/action.go:69","msg":"StdLog","requestId":"ed01c872-254f-472c-af63-5eb52ca74c8b","url":"/getUser?userId=1","errno":200,"status":"200","userId":"1","input":{"userId":"1"},"output":{"userId":1,"userName":"123"},"cost":"15.852072ms"}
{"level":"INFO","time":"2023-12-25 00:17:24","caller":"middleware/action.go:69","msg":"StdLog","requestId":"44a4cfa8-da8b-4814-b864-8272755a4ec3","url":"/getUser?userId=2","errno":200,"status":"200","userId":"1","input":{"userId":"2"},"output":{},"cost":"13.926452ms"}
{"level":"INFO","time":"2023-12-25 00:20:37","caller":"middleware/action.go:69","msg":"StdLog","requestId":"cf43da45-d7cf-4dbf-8354-7abd4c7a2141","url":"/getUser?userId=2","errno":200,"status":"200","userId":"1","input":{"userId":"2"},"output":{},"cost":"10.812392ms"}
{"level":"INFO","time":"2023-12-25 00:20:38","caller":"middleware/action.go:69","msg":"StdLog","requestId":"9811e3db-e8a1-46ce-b265-da084345abc5","url":"/getUser?userId=2","errno":200,"status":"200","userId":"1","input":{"userId":"2"},"output":{},"cost":"15.636144ms"}
{"level":"INFO","time":"2023-12-25 00:21:16","caller":"middleware/action.go:69","msg":"StdLog","requestId":"047cd43a-dd3f-49e1-9937-876533bc1c16","url":"/getUser?userId=2","errno":200,"status":"200","userId":"1","input":{"userId":"2"},"output":{},"cost":"18.401995ms"}
{"level":"INFO","time":"2023-12-25 00:21:40","caller":"middleware/action.go:69","msg":"StdLog","requestId":"98c80399-d104-4ff7-a72c-09f7cb2f5d05","url":"/login?username=123&password=123","errno":200,"status":"200","userId":"1","input":{"password":"123","username":"123"},"output":{"token":"eyJhbGciOiJIUzI1NiIsInR5cCI6IkpXVCJ9.eyJleHAiOjE3MDM0NzgxMDAsImp0aSI6IjEiLCJpc3MiOiJhcHAiLCJuYmYiOjE3MDM0MzM5MDB9.4B_OdG6-z2aFVyvbLpRTv3h5-FxMA3ypQJAASvf3ou4"},"cost":"3.585749ms"}
{"level":"INFO","time":"2023-12-25 00:21:41","caller":"middleware/action.go:69","msg":"StdLog","requestId":"e19b7ec3-f4c7-4436-a4a2-d8e2c7f6e339","url":"/login?username=123&password=123","errno":200,"status":"200","userId":"1","input":{"password":"123","username":"123"},"output":{"token":"eyJhbGciOiJIUzI1NiIsInR5cCI6IkpXVCJ9.eyJleHAiOjE3MDM0NzgxMDEsImp0aSI6IjEiLCJpc3MiOiJhcHAiLCJuYmYiOjE3MDM0MzM5MDF9.onGVcJYIU-PU1oKpsdEu8i2CQ2Ks19ae1JSzP-dJtgA"},"cost":"2.246292ms"}
{"level":"INFO","time":"2023-12-25 00:22:33","caller":"middleware/action.go:69","msg":"StdLog","requestId":"ac2b3021-5cb6-47b0-a9f8-22ef825517b6","url":"/login?username=123&password=123","errno":200,"status":"200","userId":"1","input":{"password":"123","username":"123"},"output":{"token":"eyJhbGciOiJIUzI1NiIsInR5cCI6IkpXVCJ9.eyJleHAiOjE3MDM0NzgxNTMsImp0aSI6IjEiLCJpc3MiOiJhcHAiLCJuYmYiOjE3MDM0MzM5NTN9.wrFZuiJBgSYORSiJygo81CbLnyyyEchJk4b5EmODyfI"},"cost":"3.183195ms"}
{"level":"INFO","time":"2023-12-25 00:22:57","caller":"middleware/action.go:69","msg":"StdLog","requestId":"83c195b8-e6cd-47b3-8091-4a7b90d31f7a","url":"/login?username=456","errno":2001,"status":"200","userId":"1","input":{"username":"456"},"output":{},"cost":"1.909706ms"}
{"level":"INFO","time":"2023-12-25 00:23:08","caller":"middleware/action.go:69","msg":"StdLog","requestId":"33360bc2-1b5c-47e2-aa8c-a3a437b6af4a","url":"/login?username=456&password=456","errno":2001,"status":"200","userId":"1","input":{"password":"456","username":"456"},"output":{},"cost":"13.481595ms"}
{"level":"INFO","time":"2023-12-25 00:23:57","caller":"middleware/action.go:69","msg":"StdLog","requestId":"d9797cec-e99c-4a4a-ab7b-08eb98272aa1","url":"/login?username=456&password=456","errno":2001,"status":"200","userId":"1","input":{"password":"456","username":"456"},"output":{},"cost":"6.113072ms"}
{"level":"INFO","time":"2023-12-25 00:28:01","caller":"middleware/action.go:69","msg":"StdLog","requestId":"75a0f098-da89-4790-bd51-efb17f745c7d","url":"/login?username=456&password=456","errno":2001,"status":"200","userId":"1","input":{"password":"456","username":"456"},"output":{},"cost":"5.912901ms"}
{"level":"INFO","time":"2023-12-25 00:28:06","caller":"middleware/action.go:69","msg":"StdLog","requestId":"16ae7fc9-2442-4e3e-8035-f2166cd86044","url":"/login?username=123&password=123","errno":2001,"status":"200","userId":"1","input":{"password":"123","username":"123"},"output":{},"cost":"4.056676ms"}
{"level":"INFO","time":"2023-12-25 00:28:13","caller":"middleware/action.go:69","msg":"StdLog","requestId":"02bec576-1f6c-4937-83d7-0497e745958b","url":"/login?username=123&password=123456","errno":200,"status":"200","userId":"1","input":{"password":"123456","username":"123"},"output":{"token":"eyJhbGciOiJIUzI1NiIsInR5cCI6IkpXVCJ9.eyJleHAiOjE3MDM0Nzg0OTMsImp0aSI6IjEiLCJpc3MiOiJhcHAiLCJuYmYiOjE3MDM0MzQyOTN9.vqV2pOKHsdTaodPerKJa6bJoCqk9Y7YtRgD7ddh3Ofo"},"cost":"17.010488ms"}
{"level":"INFO","time":"2023-12-25 00:28:15","caller":"middleware/action.go:69","msg":"StdLog","requestId":"7c3da025-1947-4d91-a9d1-299d25d99498","url":"/login?username=123&password=12345","errno":2001,"status":"200","userId":"1","input":{"password":"12345","username":"123"},"output":{},"cost":"15.558749ms"}
{"level":"INFO","time":"2023-12-25 00:28:19","caller":"middleware/action.go:69","msg":"StdLog","requestId":"ae5a6cfd-872f-4322-ae8b-4091f46df9c4","url":"/login?username=123&password=123456","errno":200,"status":"200","userId":"1","input":{"password":"123456","username":"123"},"output":{"token":"eyJhbGciOiJIUzI1NiIsInR5cCI6IkpXVCJ9.eyJleHAiOjE3MDM0Nzg0OTksImp0aSI6IjEiLCJpc3MiOiJhcHAiLCJuYmYiOjE3MDM0MzQyOTl9.U2ZZpEerhDsfW2JELg4dEG6D9sPlR4qSQeSg45YF_Hc"},"cost":"3.211046ms"}
