{"level":"INFO","time":"2023-12-24T17:10:02.834+0800","caller":"user.service.v1/user_service.go:16","msg":"rpc login log ....."}
{"level":"INFO","time":"2023-12-24T17:10:50.404+0800","caller":"user.service.v1/user_service.go:16","msg":"rpc login log ....."}
{"level":"INFO","time":"2023-12-24T17:22:48.648+0800","caller":"user.service.v1/user_service.go:16","msg":"rpc login log ....."}
{"level":"INFO","time":"2023-12-24 21:18:56","caller":"router/grpc.go:51","msg":"RPC called","method":"/user.service.v1.UserService/Login","request":"username:\"123\" password:\"123\""}
{"level":"INFO","time":"2023-12-24 21:18:56","caller":"router/grpc.go:58","msg":"RPC completed","method":"/user.service.v1.UserService/Login","response":"token:\"this is token\""}
{"level":"INFO","time":"2023-12-24 21:30:08","caller":"base/rpc.go:40","msg":"RpcLog","requestId":"d29dcc77-9760-49a4-b209-7cc2c3b77f74","method":"/user.service.v1.UserService/Login","cost":"7.979µs"}
{"level":"INFO","time":"2023-12-24 21:31:34","caller":"base/rpc.go:40","msg":"RpcLog","requestId":"43fc2fa3-66b8-4f84-abff-f01536c78ba6","input":"username:\"123\"  password:\"123\"","output":"token:\"this is token\"","method":"/user.service.v1.UserService/Login","cost":"25.116µs"}
{"level":"INFO","time":"2023-12-24 21:37:50","caller":"base/rpc.go:50","msg":"RpcLog","requestId":"217967e2-6b33-4fbb-9897-2687761a2197","input":"eyJ1c2VybmFtZSI6IjEyMyIsInBhc3N3b3JkIjoiMTIzIn0=","output":"eyJ0b2tlbiI6InRoaXMgaXMgdG9rZW4ifQ==","method":"/user.service.v1.UserService/Login","cost":"73.146µs"}
{"level":"INFO","time":"2023-12-24 21:39:47","caller":"base/rpc.go:45","msg":"RpcLog","requestId":"bacc934b-345e-4f2f-99f2-d65dabfe1ac6","method":"/user.service.v1.UserService/Login","cost":"227.697µs"}
{"level":"INFO","time":"2023-12-24 21:41:15","caller":"base/rpc.go:47","msg":"RpcLog","requestId":"6bb12a9d-5bab-4183-81f9-ea253b65da1e","method":"/user.service.v1.UserService/Login","cost":"47.418µs"}
{"level":"INFO","time":"2023-12-24 21:44:54","caller":"base/rpc.go:41","msg":"RpcLog","requestId":"023d1b3e-be57-44ac-ba0a-ecc920a51881","input":{"username":"123","password":"123"},"output":{"token":"this is token"},"method":"/user.service.v1.UserService/Login","cost":"12.92µs"}
{"level":"INFO","time":"2023-12-24 21:48:09","caller":"base/rpc.go:43","msg":"RpcLog","requestId":"5f0ad777-9c49-4ace-bc39-c3a6a59bb118","input":{"username":"123","password":"123"},"output":{"token":"this is token"},"method":"/user.service.v1.UserService/Login","cost":0}
{"level":"INFO","time":"2023-12-24 21:49:02","caller":"base/rpc.go:41","msg":"RpcLog","requestId":"c0b8792f-bdfa-4a4e-990e-cf6e090e19f1","input":{"username":"123","password":"123"},"output":{"token":"this is token"},"method":"/user.service.v1.UserService/Login","cost":"39.372µs"}
{"level":"INFO","time":"2023-12-24 21:49:03","caller":"base/rpc.go:41","msg":"RpcLog","requestId":"54005fc2-0d2c-4bd5-aafb-afb8dfcd6a50","input":{"username":"123","password":"123"},"output":{"token":"this is token"},"method":"/user.service.v1.UserService/Login","cost":"3.297µs"}
{"level":"INFO","time":"2023-12-24 21:49:17","caller":"base/rpc.go:41","msg":"RpcLog","requestId":"7193ec92-bb05-446e-9ca5-2439d816bd41","input":{"username":"123"},"output":null,"method":"/user.service.v1.UserService/Login","cost":"8.321µs","error":"username or password is empty"}
{"level":"INFO","time":"2023-12-24 21:49:32","caller":"base/rpc.go:41","msg":"RpcLog","requestId":"d3f00cd5-3860-4b0f-ad9f-483d38f50c8a","input":{"username":"123"},"output":null,"method":"/user.service.v1.UserService/Login","cost":"53.138µs","error":"username or password is empty"}
{"level":"INFO","time":"2023-12-24 21:53:19","caller":"base/rpc.go:41","msg":"RpcLog","requestId":"0a0f75c0-bd5f-4b1f-bdb9-eb742d2d67de","input":{"username":"123"},"output":null,"method":"/user.service.v1.UserService/Login","cost":"4.001µs","error":"username or password is empty"}
{"level":"INFO","time":"2023-12-24 21:53:57","caller":"base/rpc.go:41","msg":"RpcLog","requestId":"e96be1b7-f5da-45d2-ab38-f45323bb3b02","input":{"username":"123"},"output":null,"method":"/user.service.v1.UserService/Login","cost":"5.304µs","error":"username or password is empty"}
{"level":"INFO","time":"2023-12-24 21:55:34","caller":"base/rpc.go:41","msg":"RpcLog","requestId":"3ad92751-3bbb-4da1-be54-253e70179c07","input":{"username":"123"},"output":null,"method":"/user.service.v1.UserService/Login","cost":"5.27µs","error":"username or password is empty"}
{"level":"INFO","time":"2023-12-24 22:01:48","caller":"base/rpc.go:41","msg":"RpcLog","requestId":"6b385616-acab-476d-ace2-c90b8c90aeb6","input":{"username":"123"},"output":null,"method":"/user.service.v1.UserService/Login","cost":"31.735µs","error":"username or password is empty"}
{"level":"INFO","time":"2023-12-24 22:02:24","caller":"base/rpc.go:41","msg":"RpcLog","requestId":"080f6dd5-de44-465e-9fa1-191663a1e1aa","input":{"username":"123"},"output":null,"method":"/user.service.v1.UserService/Login","cost":"7.058µs","error":"username or password is empty"}
{"level":"INFO","time":"2023-12-24 22:05:35","caller":"base/rpc.go:41","msg":"RpcLog","requestId":"40bf0edd-8c2a-4ba6-b7be-9f7250c3d045","input":{"username":"123"},"output":null,"method":"/user.service.v1.UserService/Login","cost":"13.418µs","error":"username or password is empty"}
{"level":"INFO","time":"2023-12-24 22:06:44","caller":"base/rpc.go:41","msg":"RpcLog","requestId":"191776c6-c074-4649-be36-a5fe53f654f3","input":{"username":"123"},"output":null,"method":"/user.service.v1.UserService/Login","cost":"8.845µs","error":"username or password is empty"}
{"level":"INFO","time":"2023-12-24 22:08:03","caller":"base/rpc.go:41","msg":"RpcLog","requestId":"c7d379ab-fd09-4698-a709-081074186c34","input":{"username":"123"},"output":null,"method":"/user.service.v1.UserService/Login","cost":"5.703µs","error":"username or password is empty"}
{"level":"INFO","time":"2023-12-24 22:08:42","caller":"base/rpc.go:41","msg":"RpcLog","requestId":"d1af1faf-0351-4749-8d99-07fef99be3ff","input":{"username":"123"},"output":null,"method":"/user.service.v1.UserService/Login","cost":"27.688µs","error":"username or password is empty"}
{"level":"INFO","time":"2023-12-24 22:10:23","caller":"base/rpc.go:41","msg":"RpcLog","requestId":"603113b0-b426-4806-ba18-2f6eca067d1d","input":{"username":"123"},"output":null,"method":"/user.service.v1.UserService/Login","cost":"4.991µs","error":"username or password is empty"}
{"level":"INFO","time":"2023-12-24 22:12:14","caller":"base/rpc.go:41","msg":"RpcLog","requestId":"877df829-0858-44fe-9460-8d73fe6dd69e","input":{"username":"123"},"output":null,"method":"/user.service.v1.UserService/Login","cost":"4.364µs","error":"username or password is empty"}
{"level":"INFO","time":"2023-12-24 22:12:15","caller":"base/rpc.go:41","msg":"RpcLog","requestId":"7b3f974e-d54a-4231-b1f1-03de1dec7348","input":{"username":"123"},"output":null,"method":"/user.service.v1.UserService/Login","cost":"4.992µs","error":"username or password is empty"}
{"level":"INFO","time":"2023-12-24 22:13:08","caller":"base/rpc.go:41","msg":"RpcLog","requestId":"9552c140-596b-4e10-a1c2-ae49be62301a","input":{"username":"123"},"output":null,"method":"/user.service.v1.UserService/Login","cost":"3.167µs","error":"username or password is empty"}
{"level":"INFO","time":"2023-12-24 22:13:10","caller":"base/rpc.go:41","msg":"RpcLog","requestId":"a98485a9-ca71-401c-9d15-de3e648b8c55","input":{"username":"123"},"output":null,"method":"/user.service.v1.UserService/Login","cost":"4.592µs","error":"username or password is empty"}
{"level":"INFO","time":"2023-12-24 22:52:36","caller":"base/rpc.go:41","msg":"RpcLog","requestId":"90dbfd67-6b33-434a-9772-742cf1ff8ff5","input":{},"output":null,"method":"/user.service.v1.UserService/GetUser","cost":"12.629µs","error":"rpc error: code = InvalidArgument desc = invalid argument 0"}
{"level":"INFO","time":"2023-12-24 22:52:53","caller":"base/rpc.go:41","msg":"RpcLog","requestId":"7d4951da-12d4-4834-afe0-b08110427516","input":{"userId":1},"output":{"userId":1,"userName":"123"},"method":"/user.service.v1.UserService/GetUser","cost":"15.833869ms"}
{"level":"INFO","time":"2023-12-24 22:52:58","caller":"base/rpc.go:41","msg":"RpcLog","requestId":"e9f5525c-b6c3-4021-9567-d9c3d496b907","input":{"userId":2},"output":{"userId":2},"method":"/user.service.v1.UserService/GetUser","cost":"15.982465ms"}
{"level":"INFO","time":"2023-12-24 22:57:29","caller":"base/rpc.go:41","msg":"RpcLog","requestId":"f4c97bc7-cafb-45da-aaeb-24ee76bb08c3","input":{"userId":2},"output":{},"method":"/user.service.v1.UserService/GetUser","cost":"1.953944ms"}
{"level":"INFO","time":"2023-12-24 22:57:29","caller":"base/rpc.go:41","msg":"RpcLog","requestId":"2c5fb892-9a6c-427a-971c-94905c86da23","input":{"userId":2},"output":{},"method":"/user.service.v1.UserService/GetUser","cost":"14.621929ms"}
{"level":"INFO","time":"2023-12-24 22:57:31","caller":"base/rpc.go:41","msg":"RpcLog","requestId":"10058df1-8be9-4a30-96a2-8aa093631cd2","input":{"userId":1},"output":{"userId":1,"userName":"123"},"method":"/user.service.v1.UserService/GetUser","cost":"12.787824ms"}
{"level":"INFO","time":"2023-12-24 23:08:59","caller":"base/rpc.go:41","msg":"RpcLog","requestId":"f0ac381b-a186-4274-be05-65d3ba91271c","input":{"userId":1},"output":{"userId":1,"userName":"123"},"method":"/user.service.v1.UserService/GetUser","cost":"20.327668ms"}
{"level":"INFO","time":"2023-12-24 23:09:52","caller":"base/rpc.go:41","msg":"RpcLog","requestId":"5f0343cc-25d4-480d-b1b8-bedbb3fb20f2","input":{"userId":1},"output":{"userId":1,"userName":"123"},"method":"/user.service.v1.UserService/GetUser","cost":"16.980813ms"}
{"level":"INFO","time":"2023-12-24 23:14:17","caller":"base/rpc.go:41","msg":"RpcLog","requestId":"45c5085a-36dc-4e29-9c21-679c68fa22b7","input":{"userId":1},"output":{"userId":1,"userName":"123"},"method":"/user.service.v1.UserService/GetUser","cost":"15.783085ms"}
{"level":"INFO","time":"2023-12-24 23:16:19","caller":"base/rpc.go:41","msg":"RpcLog","requestId":"5f53adfb-0c3b-4bd9-9bfd-86e9777f78bf","input":{"userId":1},"output":{"userId":1,"userName":"123"},"method":"/user.service.v1.UserService/GetUser","cost":"14.576515ms"}
{"level":"INFO","time":"2023-12-24 23:17:59","caller":"base/rpc.go:41","msg":"RpcLog","requestId":"00876fb8-36c3-47bc-8e42-92d223a4dd60","input":{"userId":1},"output":{"userId":1,"userName":"123"},"method":"/user.service.v1.UserService/GetUser","cost":"14.644358ms"}
{"level":"INFO","time":"2023-12-24 23:18:09","caller":"base/rpc.go:41","msg":"RpcLog","requestId":"60b21b0c-c591-4667-af7a-a8f405bce3f9","input":{"userId":1},"output":{"userId":1,"userName":"123"},"method":"/user.service.v1.UserService/GetUser","cost":"14.798173ms"}
{"level":"INFO","time":"2023-12-24 23:21:59","caller":"base/rpc.go:41","msg":"RpcLog","requestId":"dd27ce2a-36a2-490c-b2c2-f69ecdc8ad04","input":{"userId":1},"output":{"userId":1,"userName":"123"},"method":"/user.service.v1.UserService/GetUser","cost":"10.105783ms"}
{"level":"INFO","time":"2023-12-24 23:41:31","caller":"base/rpc.go:41","msg":"RpcLog","requestId":"5e96f097-9216-4039-9e11-cd1989b36d4a","input":{"username":"123","password":"123"},"output":{"token":"eyJhbGciOiJIUzI1NiIsInR5cCI6IkpXVCJ9.eyJleHAiOjE3MDM0NzU2OTEsImp0aSI6IjEyMzQiLCJpc3MiOiJhcHAiLCJuYmYiOjE3MDM0MzE0OTF9.7OxcB491WXiokQZo1IImGanAoS3PmjYVsddq-F6GVPI"},"method":"/user.service.v1.UserService/Login","cost":"278.726µs"}
{"level":"INFO","time":"2023-12-24 23:43:48","caller":"base/rpc.go:41","msg":"RpcLog","requestId":"c86ea2c2-8d6d-416d-b6be-a3c435237c13","input":{"username":"123","password":"123"},"output":{"token":"eyJhbGciOiJIUzI1NiIsInR5cCI6IkpXVCJ9.eyJleHAiOjE3MDM0NzU4MjgsImp0aSI6IjEyMzQiLCJpc3MiOiJhcHAiLCJuYmYiOjE3MDM0MzE2Mjh9.mhUOxR98a1G7uU4Ujrz2IHbfWWgGts0phv7Aw8DHDB0"},"method":"/user.service.v1.UserService/Login","cost":"34.101µs"}
{"level":"INFO","time":"2023-12-24 23:45:03","caller":"base/rpc.go:41","msg":"RpcLog","requestId":"d4b4fdd1-0df2-4100-a2de-7edc097416ad","input":{"username":"123","password":"123"},"output":{"token":"eyJhbGciOiJIUzI1NiIsInR5cCI6IkpXVCJ9.eyJleHAiOjE3MDM0NzU5MDMsImp0aSI6IjEyMzQiLCJpc3MiOiJhcHAiLCJuYmYiOjE3MDM0MzE3MDN9.jivbSwA21fnIkrUjFvi6pzUs9SRUYWZRi9F4bFwzt4E"},"method":"/user.service.v1.UserService/Login","cost":"31.68µs"}
{"level":"INFO","time":"2023-12-24 23:46:48","caller":"base/rpc.go:41","msg":"RpcLog","requestId":"08ae97ae-cd82-43b5-9bb5-fbca80d6ab0e","input":{"username":"123","password":"123"},"output":{"token":"eyJhbGciOiJIUzI1NiIsInR5cCI6IkpXVCJ9.eyJleHAiOjE3MDM0NzYwMDgsImp0aSI6IjEyMzQiLCJpc3MiOiJhcHAiLCJuYmYiOjE3MDM0MzE4MDh9.UO_mXU8DSYuT2sHPFhxhjX_xqT7VreJVe9KVT0LGBDM"},"method":"/user.service.v1.UserService/Login","cost":"27.213µs"}
{"level":"INFO","time":"2023-12-24 23:49:06","caller":"base/rpc.go:41","msg":"RpcLog","requestId":"d0914789-023f-4080-a7d0-f4174cf36eef","input":{"username":"123","password":"123"},"output":{"token":"eyJhbGciOiJIUzI1NiIsInR5cCI6IkpXVCJ9.eyJleHAiOjE3MDM0NzYxNDYsImp0aSI6IjEyMzQiLCJpc3MiOiJhcHAiLCJuYmYiOjE3MDM0MzE5NDZ9.mTUQwt2gAKFXZjyXRcN-lOqWUr8yyKES6kouvjvG-i8"},"method":"/user.service.v1.UserService/Login","cost":"40.164µs"}
{"level":"INFO","time":"2023-12-24 23:49:26","caller":"base/rpc.go:41","msg":"RpcLog","requestId":"6bcd8ddd-2246-4497-b9c5-6f4c7e01f342","input":{"userId":1},"output":{"userId":1,"userName":"123"},"method":"/user.service.v1.UserService/GetUser","cost":"3.820316ms"}
{"level":"INFO","time":"2023-12-24 23:50:56","caller":"base/rpc.go:41","msg":"RpcLog","requestId":"2f4900da-cfd8-41fe-b635-512e89d07cbd","input":{"userId":1},"output":{"userId":1,"userName":"123"},"method":"/user.service.v1.UserService/GetUser","cost":"16.081475ms"}
{"level":"INFO","time":"2023-12-24 23:52:29","caller":"base/rpc.go:41","msg":"RpcLog","requestId":"31ec10b0-ffda-42e9-a8c4-1a9b31c871c1","input":{"userId":1},"output":{"userId":1,"userName":"123"},"method":"/user.service.v1.UserService/GetUser","cost":"16.011333ms"}
{"level":"INFO","time":"2023-12-24 23:53:49","caller":"base/rpc.go:41","msg":"RpcLog","requestId":"f2c98898-da37-42b1-916a-9ec468bdd5c5","input":{"userId":1},"output":{"userId":1,"userName":"123"},"method":"/user.service.v1.UserService/GetUser","cost":"19.468548ms"}
{"level":"INFO","time":"2023-12-24 23:54:20","caller":"base/rpc.go:41","msg":"RpcLog","requestId":"866d58d9-db27-4809-a861-6377c16479ab","input":{"userId":1},"output":{"userId":1,"userName":"123"},"method":"/user.service.v1.UserService/GetUser","cost":"12.445801ms"}
{"level":"INFO","time":"2023-12-24 23:54:41","caller":"base/rpc.go:41","msg":"RpcLog","requestId":"c05f6d54-7d2b-4e18-b787-582e09058a76","input":{"userId":1},"output":{"userId":1,"userName":"123"},"method":"/user.service.v1.UserService/GetUser","cost":"14.545697ms"}
{"level":"INFO","time":"2023-12-24 23:55:27","caller":"base/rpc.go:41","msg":"RpcLog","requestId":"ff31ec54-c6e4-4da0-9656-94c1f71cdaec","input":{"userId":1},"output":{"userId":1,"userName":"123"},"method":"/user.service.v1.UserService/GetUser","cost":"14.238013ms"}
{"level":"INFO","time":"2023-12-24 23:56:09","caller":"base/rpc.go:41","msg":"RpcLog","requestId":"050654b8-f3a4-4ca0-ba1f-8fb4198d07a2","input":{"userId":1},"output":{"userId":1,"userName":"123"},"method":"/user.service.v1.UserService/GetUser","cost":"16.103025ms"}
{"level":"INFO","time":"2023-12-24 23:57:29","caller":"base/rpc.go:41","msg":"RpcLog","requestId":"4a00edb0-51ba-48a6-bfa4-ba003aa97616","input":{"username":"123","password":"123"},"output":{"token":"eyJhbGciOiJIUzI1NiIsInR5cCI6IkpXVCJ9.eyJleHAiOjE3MDM0NzY2NDksImp0aSI6IjEiLCJpc3MiOiJhcHAiLCJuYmYiOjE3MDM0MzI0NDl9.QOW4WH9PqGWdilim7XFOLAgpSuwkLnZQNuwliTiQO3M"},"method":"/user.service.v1.UserService/Login","cost":"433.261µs"}
{"level":"INFO","time":"2023-12-24 23:57:32","caller":"base/rpc.go:41","msg":"RpcLog","requestId":"eade354c-6c09-4ecd-82b5-6c75a2575a47","input":{"userId":1},"output":{"userId":1,"userName":"123"},"method":"/user.service.v1.UserService/GetUser","cost":"14.114154ms"}
{"level":"INFO","time":"2023-12-25 00:16:30","caller":"base/rpc.go:41","msg":"RpcLog","requestId":"9119ffd9-eec9-4a97-ab16-8faa77477766","input":{"username":"123","password":"123"},"output":{"token":"eyJhbGciOiJIUzI1NiIsInR5cCI6IkpXVCJ9.eyJleHAiOjE3MDM0Nzc3OTAsImp0aSI6IjEiLCJpc3MiOiJhcHAiLCJuYmYiOjE3MDM0MzM1OTB9.Z9MydM-adiK9YXGEBeNPgFuR7-ECsRSuSj9tU7hiLR8"},"method":"/user.service.v1.UserService/Login","cost":"23.216482ms"}
{"level":"INFO","time":"2023-12-25 00:16:39","caller":"base/rpc.go:41","msg":"RpcLog","requestId":"949765ea-2ca2-4747-8bd3-743d3f52fca4","input":{"userId":1},"output":{"userId":1,"userName":"123"},"method":"/user.service.v1.UserService/GetUser","cost":"14.880545ms"}
{"level":"INFO","time":"2023-12-25 00:16:41","caller":"base/rpc.go:41","msg":"RpcLog","requestId":"db7f8be7-5e3e-4ae5-86c4-b220ed9d4190","input":{"userId":1},"output":{"userId":1,"userName":"123"},"method":"/user.service.v1.UserService/GetUser","cost":"13.420319ms"}
{"level":"INFO","time":"2023-12-25 00:17:04","caller":"base/rpc.go:41","msg":"RpcLog","requestId":"ed01c872-254f-472c-af63-5eb52ca74c8b","input":{"userId":1},"output":{"userId":1,"userName":"123"},"method":"/user.service.v1.UserService/GetUser","cost":"14.590595ms"}
{"level":"INFO","time":"2023-12-25 00:17:24","caller":"base/rpc.go:41","msg":"RpcLog","requestId":"44a4cfa8-da8b-4814-b864-8272755a4ec3","input":{"userId":2},"output":{},"method":"/user.service.v1.UserService/GetUser","cost":"12.722733ms"}
{"level":"INFO","time":"2023-12-25 00:20:37","caller":"base/rpc.go:41","msg":"RpcLog","requestId":"cf43da45-d7cf-4dbf-8354-7abd4c7a2141","input":{"userId":2},"output":{},"method":"/user.service.v1.UserService/GetUser","cost":"6.218033ms"}
{"level":"INFO","time":"2023-12-25 00:20:38","caller":"base/rpc.go:41","msg":"RpcLog","requestId":"9811e3db-e8a1-46ce-b265-da084345abc5","input":{"userId":2},"output":{},"method":"/user.service.v1.UserService/GetUser","cost":"14.39746ms"}
{"level":"INFO","time":"2023-12-25 00:21:16","caller":"base/rpc.go:41","msg":"RpcLog","requestId":"047cd43a-dd3f-49e1-9937-876533bc1c16","input":{"userId":2},"output":{},"method":"/user.service.v1.UserService/GetUser","cost":"12.871163ms"}
{"level":"INFO","time":"2023-12-25 00:21:40","caller":"base/rpc.go:41","msg":"RpcLog","requestId":"98c80399-d104-4ff7-a72c-09f7cb2f5d05","input":{"username":"123","password":"123"},"output":{"token":"eyJhbGciOiJIUzI1NiIsInR5cCI6IkpXVCJ9.eyJleHAiOjE3MDM0NzgxMDAsImp0aSI6IjEiLCJpc3MiOiJhcHAiLCJuYmYiOjE3MDM0MzM5MDB9.4B_OdG6-z2aFVyvbLpRTv3h5-FxMA3ypQJAASvf3ou4"},"method":"/user.service.v1.UserService/Login","cost":"1.461805ms"}
{"level":"INFO","time":"2023-12-25 00:21:41","caller":"base/rpc.go:41","msg":"RpcLog","requestId":"e19b7ec3-f4c7-4436-a4a2-d8e2c7f6e339","input":{"username":"123","password":"123"},"output":{"token":"eyJhbGciOiJIUzI1NiIsInR5cCI6IkpXVCJ9.eyJleHAiOjE3MDM0NzgxMDEsImp0aSI6IjEiLCJpc3MiOiJhcHAiLCJuYmYiOjE3MDM0MzM5MDF9.onGVcJYIU-PU1oKpsdEu8i2CQ2Ks19ae1JSzP-dJtgA"},"method":"/user.service.v1.UserService/Login","cost":"1.144046ms"}
{"level":"INFO","time":"2023-12-25 00:22:33","caller":"base/rpc.go:41","msg":"RpcLog","requestId":"ac2b3021-5cb6-47b0-a9f8-22ef825517b6","input":{"username":"123","password":"123"},"output":{"token":"eyJhbGciOiJIUzI1NiIsInR5cCI6IkpXVCJ9.eyJleHAiOjE3MDM0NzgxNTMsImp0aSI6IjEiLCJpc3MiOiJhcHAiLCJuYmYiOjE3MDM0MzM5NTN9.wrFZuiJBgSYORSiJygo81CbLnyyyEchJk4b5EmODyfI"},"method":"/user.service.v1.UserService/Login","cost":"1.406324ms"}
{"level":"INFO","time":"2023-12-25 00:22:57","caller":"base/rpc.go:41","msg":"RpcLog","requestId":"83c195b8-e6cd-47b3-8091-4a7b90d31f7a","input":{"username":"456"},"output":null,"method":"/user.service.v1.UserService/Login","cost":"8.001µs","error":"rpc error: code = InvalidArgument desc = username or password is empty"}
{"level":"INFO","time":"2023-12-25 00:23:08","caller":"base/rpc.go:41","msg":"RpcLog","requestId":"33360bc2-1b5c-47e2-aa8c-a3a437b6af4a","input":{"username":"456","password":"456"},"output":null,"method":"/user.service.v1.UserService/Login","cost":"12.548917ms","error":"record not found"}
{"level":"INFO","time":"2023-12-25 00:23:57","caller":"base/rpc.go:41","msg":"RpcLog","requestId":"d9797cec-e99c-4a4a-ab7b-08eb98272aa1","input":{"username":"456","password":"456"},"output":null,"method":"/user.service.v1.UserService/Login","cost":"1.507321ms","error":"record not found"}
{"level":"INFO","time":"2023-12-25 00:28:01","caller":"base/rpc.go:41","msg":"RpcLog","requestId":"75a0f098-da89-4790-bd51-efb17f745c7d","input":{"username":"456","password":"456"},"output":null,"method":"/user.service.v1.UserService/Login","cost":"1.90663ms","error":"record not found"}
{"level":"INFO","time":"2023-12-25 00:28:06","caller":"base/rpc.go:41","msg":"RpcLog","requestId":"16ae7fc9-2442-4e3e-8035-f2166cd86044","input":{"username":"123","password":"123"},"output":null,"method":"/user.service.v1.UserService/Login","cost":"3.041351ms","error":"rpc error: code = InvalidArgument desc = failed to check password"}
{"level":"INFO","time":"2023-12-25 00:28:13","caller":"base/rpc.go:41","msg":"RpcLog","requestId":"02bec576-1f6c-4937-83d7-0497e745958b","input":{"username":"123","password":"123456"},"output":{"token":"eyJhbGciOiJIUzI1NiIsInR5cCI6IkpXVCJ9.eyJleHAiOjE3MDM0Nzg0OTMsImp0aSI6IjEiLCJpc3MiOiJhcHAiLCJuYmYiOjE3MDM0MzQyOTN9.vqV2pOKHsdTaodPerKJa6bJoCqk9Y7YtRgD7ddh3Ofo"},"method":"/user.service.v1.UserService/Login","cost":"15.751874ms"}
{"level":"INFO","time":"2023-12-25 00:28:15","caller":"base/rpc.go:41","msg":"RpcLog","requestId":"7c3da025-1947-4d91-a9d1-299d25d99498","input":{"username":"123","password":"12345"},"output":null,"method":"/user.service.v1.UserService/Login","cost":"14.160797ms","error":"rpc error: code = InvalidArgument desc = failed to check password"}
{"level":"INFO","time":"2023-12-25 00:28:19","caller":"base/rpc.go:41","msg":"RpcLog","requestId":"ae5a6cfd-872f-4322-ae8b-4091f46df9c4","input":{"username":"123","password":"123456"},"output":{"token":"eyJhbGciOiJIUzI1NiIsInR5cCI6IkpXVCJ9.eyJleHAiOjE3MDM0Nzg0OTksImp0aSI6IjEiLCJpc3MiOiJhcHAiLCJuYmYiOjE3MDM0MzQyOTl9.U2ZZpEerhDsfW2JELg4dEG6D9sPlR4qSQeSg45YF_Hc"},"method":"/user.service.v1.UserService/Login","cost":"2.586876ms"}
